<?xml version="1.0" encoding="UTF-8"?>
<testng-results skipped="0" failed="0" ignored="0" total="1" passed="1">
  <reporter-output>
  </reporter-output>
  <suite name="Default suite" duration-ms="75" started-at="2020-01-30T13:12:00Z" finished-at="2020-01-30T13:12:00Z">
    <groups>
    </groups>
    <test name="Default test" duration-ms="75" started-at="2020-01-30T13:12:00Z" finished-at="2020-01-30T13:12:00Z">
      <class name="com.first.TestNG">
        <test-method status="PASS" signature="first()[pri:0, instance:com.first.TestNG@6d78f375]" name="first" duration-ms="25" started-at="2020-01-30T13:12:00Z" finished-at="2020-01-30T13:12:00Z">
          <reporter-output>
          </reporter-output>
        </test-method> <!-- first -->
      </class> <!-- com.first.TestNG -->
    </test> <!-- Default test -->
  </suite> <!-- Default suite -->
</testng-results>
